<?xml version="1.0" encoding="UTF-8" ?>
<testsuite failures="0" time="2.346" errors="0" skipped="0" tests="2" name="fr.natoine.test.HtmlDocsTest">
  <properties>
    <property name="java.runtime.name" value="Java(TM) SE Runtime Environment"/>
    <property name="sun.boot.library.path" value="/usr/lib/jvm/java-6-sun-1.6.0.24/jre/lib/amd64"/>
    <property name="java.vm.version" value="19.1-b02"/>
    <property name="java.vm.vendor" value="Sun Microsystems Inc."/>
    <property name="java.vendor.url" value="http://java.sun.com/"/>
    <property name="path.separator" value=":"/>
    <property name="java.vm.name" value="Java HotSpot(TM) 64-Bit Server VM"/>
    <property name="file.encoding.pkg" value="sun.io"/>
    <property name="user.country" value="FR"/>
    <property name="sun.java.launcher" value="SUN_STANDARD"/>
    <property name="sun.os.patch.level" value="unknown"/>
    <property name="java.vm.specification.name" value="Java Virtual Machine Specification"/>
    <property name="user.dir" value="/media/stockage/workspace_maven_hibernate/model-htmlDocs"/>
    <property name="java.runtime.version" value="1.6.0_24-b07"/>
    <property name="java.awt.graphicsenv" value="sun.awt.X11GraphicsEnvironment"/>
    <property name="basedir" value="/media/stockage/workspace_maven_hibernate/model-htmlDocs"/>
    <property name="java.endorsed.dirs" value="/usr/lib/jvm/java-6-sun-1.6.0.24/jre/lib/endorsed"/>
    <property name="os.arch" value="amd64"/>
    <property name="surefire.real.class.path" value="/tmp/surefirebooter149754174839299377.jar"/>
    <property name="java.io.tmpdir" value="/tmp"/>
    <property name="line.separator" value="
"/>
    <property name="java.vm.specification.vendor" value="Sun Microsystems Inc."/>
    <property name="os.name" value="Linux"/>
    <property name="sun.jnu.encoding" value="UTF-8"/>
    <property name="java.library.path" value="/usr/lib/jvm/java-6-sun-1.6.0.24/jre/lib/amd64/server:/usr/lib/jvm/java-6-sun-1.6.0.24/jre/lib/amd64:/usr/lib/jvm/java-6-sun-1.6.0.24/jre/../lib/amd64:/usr/java/packages/lib/amd64:/usr/lib64:/lib64:/lib:/usr/lib"/>
    <property name="surefire.test.class.path" value="/media/stockage/workspace_maven_hibernate/model-htmlDocs/target/test-classes:/media/stockage/workspace_maven_hibernate/model-htmlDocs/target/classes:/home/natoine/.m2/repository/junit/junit/4.1/junit-4.1.jar:/home/natoine/.m2/repository/org/hibernate/hibernate-core/3.3.2.GA/hibernate-core-3.3.2.GA.jar:/home/natoine/.m2/repository/antlr/antlr/2.7.6/antlr-2.7.6.jar:/home/natoine/.m2/repository/commons-collections/commons-collections/3.1/commons-collections-3.1.jar:/home/natoine/.m2/repository/dom4j/dom4j/1.6.1/dom4j-1.6.1.jar:/home/natoine/.m2/repository/xml-apis/xml-apis/1.0.b2/xml-apis-1.0.b2.jar:/home/natoine/.m2/repository/javax/transaction/jta/1.1/jta-1.1.jar:/home/natoine/.m2/repository/org/slf4j/slf4j-api/1.5.8/slf4j-api-1.5.8.jar:/home/natoine/.m2/repository/org/hibernate/hibernate-annotations/3.4.0.GA/hibernate-annotations-3.4.0.GA.jar:/home/natoine/.m2/repository/org/hibernate/ejb3-persistence/1.0.2.GA/ejb3-persistence-1.0.2.GA.jar:/home/natoine/.m2/repository/org/hibernate/hibernate-commons-annotations/3.1.0.GA/hibernate-commons-annotations-3.1.0.GA.jar:/home/natoine/.m2/repository/org/hibernate/hibernate-entitymanager/3.4.0.GA/hibernate-entitymanager-3.4.0.GA.jar:/home/natoine/.m2/repository/javassist/javassist/3.4.GA/javassist-3.4.GA.jar:/home/natoine/.m2/repository/org/slf4j/slf4j-simple/1.5.6/slf4j-simple-1.5.6.jar:/home/natoine/.m2/repository/mysql/mysql-connector-java/5.1.12/mysql-connector-java-5.1.12.jar:/home/natoine/.m2/repository/fr/natoine/model-document/1.0.0/model-document-1.0.0.jar:/home/natoine/.m2/repository/fr/natoine/model-resource/1.0.0/model-resource-1.0.0.jar:/home/natoine/.m2/repository/fr/natoine/model-annotation/1.0.0/model-annotation-1.0.0.jar:/home/natoine/.m2/repository/org/json/json/20090211/json-20090211.jar:/home/natoine/.m2/repository/fr/natoine/model-user/1.0.0/model-user-1.0.0.jar:/home/natoine/.m2/repository/javax/xml/bind/jaxb-api/2.0/jaxb-api-2.0.jar:/home/natoine/.m2/repository/javax/xml/bind/jsr173_api/1.0/jsr173_api-1.0.jar:/home/natoine/.m2/repository/javax/activation/activation/1.1/activation-1.1.jar:"/>
    <property name="java.specification.name" value="Java Platform API Specification"/>
    <property name="java.class.version" value="50.0"/>
    <property name="sun.management.compiler" value="HotSpot 64-Bit Server Compiler"/>
    <property name="os.version" value="2.6.32-30-generic"/>
    <property name="user.home" value="/home/natoine"/>
    <property name="user.timezone" value="Europe/Paris"/>
    <property name="java.awt.printerjob" value="sun.print.PSPrinterJob"/>
    <property name="file.encoding" value="UTF-8"/>
    <property name="java.specification.version" value="1.6"/>
    <property name="user.name" value="natoine"/>
    <property name="java.class.path" value="/media/stockage/workspace_maven_hibernate/model-htmlDocs/target/test-classes:/media/stockage/workspace_maven_hibernate/model-htmlDocs/target/classes:/home/natoine/.m2/repository/junit/junit/4.1/junit-4.1.jar:/home/natoine/.m2/repository/org/hibernate/hibernate-core/3.3.2.GA/hibernate-core-3.3.2.GA.jar:/home/natoine/.m2/repository/antlr/antlr/2.7.6/antlr-2.7.6.jar:/home/natoine/.m2/repository/commons-collections/commons-collections/3.1/commons-collections-3.1.jar:/home/natoine/.m2/repository/dom4j/dom4j/1.6.1/dom4j-1.6.1.jar:/home/natoine/.m2/repository/xml-apis/xml-apis/1.0.b2/xml-apis-1.0.b2.jar:/home/natoine/.m2/repository/javax/transaction/jta/1.1/jta-1.1.jar:/home/natoine/.m2/repository/org/slf4j/slf4j-api/1.5.8/slf4j-api-1.5.8.jar:/home/natoine/.m2/repository/org/hibernate/hibernate-annotations/3.4.0.GA/hibernate-annotations-3.4.0.GA.jar:/home/natoine/.m2/repository/org/hibernate/ejb3-persistence/1.0.2.GA/ejb3-persistence-1.0.2.GA.jar:/home/natoine/.m2/repository/org/hibernate/hibernate-commons-annotations/3.1.0.GA/hibernate-commons-annotations-3.1.0.GA.jar:/home/natoine/.m2/repository/org/hibernate/hibernate-entitymanager/3.4.0.GA/hibernate-entitymanager-3.4.0.GA.jar:/home/natoine/.m2/repository/javassist/javassist/3.4.GA/javassist-3.4.GA.jar:/home/natoine/.m2/repository/org/slf4j/slf4j-simple/1.5.6/slf4j-simple-1.5.6.jar:/home/natoine/.m2/repository/mysql/mysql-connector-java/5.1.12/mysql-connector-java-5.1.12.jar:/home/natoine/.m2/repository/fr/natoine/model-document/1.0.0/model-document-1.0.0.jar:/home/natoine/.m2/repository/fr/natoine/model-resource/1.0.0/model-resource-1.0.0.jar:/home/natoine/.m2/repository/fr/natoine/model-annotation/1.0.0/model-annotation-1.0.0.jar:/home/natoine/.m2/repository/org/json/json/20090211/json-20090211.jar:/home/natoine/.m2/repository/fr/natoine/model-user/1.0.0/model-user-1.0.0.jar:/home/natoine/.m2/repository/javax/xml/bind/jaxb-api/2.0/jaxb-api-2.0.jar:/home/natoine/.m2/repository/javax/xml/bind/jsr173_api/1.0/jsr173_api-1.0.jar:/home/natoine/.m2/repository/javax/activation/activation/1.1/activation-1.1.jar:"/>
    <property name="java.vm.specification.version" value="1.0"/>
    <property name="sun.arch.data.model" value="64"/>
    <property name="java.home" value="/usr/lib/jvm/java-6-sun-1.6.0.24/jre"/>
    <property name="java.specification.vendor" value="Sun Microsystems Inc."/>
    <property name="user.language" value="fr"/>
    <property name="java.vm.info" value="mixed mode"/>
    <property name="java.version" value="1.6.0_24"/>
    <property name="java.ext.dirs" value="/usr/lib/jvm/java-6-sun-1.6.0.24/jre/lib/ext:/usr/java/packages/lib/ext"/>
    <property name="sun.boot.class.path" value="/usr/lib/jvm/java-6-sun-1.6.0.24/jre/lib/resources.jar:/usr/lib/jvm/java-6-sun-1.6.0.24/jre/lib/rt.jar:/usr/lib/jvm/java-6-sun-1.6.0.24/jre/lib/sunrsasign.jar:/usr/lib/jvm/java-6-sun-1.6.0.24/jre/lib/jsse.jar:/usr/lib/jvm/java-6-sun-1.6.0.24/jre/lib/jce.jar:/usr/lib/jvm/java-6-sun-1.6.0.24/jre/lib/charsets.jar:/usr/lib/jvm/java-6-sun-1.6.0.24/jre/lib/modules/jdk.boot.jar:/usr/lib/jvm/java-6-sun-1.6.0.24/jre/classes"/>
    <property name="java.vendor" value="Sun Microsystems Inc."/>
    <property name="localRepository" value="/home/natoine/.m2/repository"/>
    <property name="file.separator" value="/"/>
    <property name="java.vendor.url.bug" value="http://java.sun.com/cgi-bin/bugreport.cgi"/>
    <property name="sun.cpu.endian" value="little"/>
    <property name="sun.io.unicode.encoding" value="UnicodeLittle"/>
    <property name="sun.desktop" value="gnome"/>
    <property name="sun.cpu.isalist" value=""/>
  </properties>
  <testcase time="1.855" classname="fr.natoine.test.HtmlDocsTest" name="testCreate"/>
  <testcase time="0.456" classname="fr.natoine.test.HtmlDocsTest" name="testRetrieve"/>
</testsuite>